<?xml version="1.0" encoding="UTF-8"?>
<!-- Generated by org.testng.reporters.JUnitXMLReporter -->
<testsuite ignored="8" hostname="AMIT-PC" failures="0" tests="3" name="TestRunner-2" time="42.364" errors="0" timestamp="2025-04-19T10:06:20 IST">
  <testcase classname="com.comcast.crm.TestNG_BaseClass.CreateProducts_Test" name="UsingPOMCreateProductWithDate_Cat_ManufactAndValidateTest" time="8.32"/>
  <testcase classname="com.comcast.crm.TestNG_BaseClass.CreatePriceBook_Test" name="UsingPOMCreateAPricebook_DeleteAndValidateTest" time="11.183"/>
  <testcase classname="com.comcast.crm.TestNG_BaseClass.CreateLeads_Test" name="UsingPOMCreateLeadWithAllDropDownsAndValidateTest" time="8.211"/>
  <testcase classname="com.comcast.crm.generic.BaseUtility.BaseClass" name="@BeforeTest configBT" time="0.0">
    <ignored/>
  </testcase> <!-- @BeforeTest configBT -->
  <testcase classname="com.comcast.crm.generic.BaseUtility.BaseClass" name="@BeforeTest configBT" time="0.0">
    <ignored/>
  </testcase> <!-- @BeforeTest configBT -->
  <testcase classname="com.comcast.crm.generic.BaseUtility.BaseClass" name="@AfterTest configAT" time="0.0">
    <ignored/>
  </testcase> <!-- @AfterTest configAT -->
  <testcase classname="com.comcast.crm.generic.BaseUtility.BaseClass" name="@AfterTest configAT" time="0.0">
    <ignored/>
  </testcase> <!-- @AfterTest configAT -->
  <testcase classname="com.comcast.crm.generic.BaseUtility.BaseClass" name="@BeforeSuite connectToDatabase" time="0.0">
    <ignored/>
  </testcase> <!-- @BeforeSuite connectToDatabase -->
  <testcase classname="com.comcast.crm.generic.BaseUtility.BaseClass" name="@AfterSuite closeDatabaseConnection" time="0.0">
    <ignored/>
  </testcase> <!-- @AfterSuite closeDatabaseConnection -->
  <testcase classname="com.comcast.crm.generic.BaseUtility.BaseClass" name="@AfterSuite closeDatabaseConnection" time="0.0">
    <ignored/>
  </testcase> <!-- @AfterSuite closeDatabaseConnection -->
  <testcase classname="com.comcast.crm.generic.BaseUtility.BaseClass" name="@BeforeSuite connectToDatabase" time="0.0">
    <ignored/>
  </testcase> <!-- @BeforeSuite connectToDatabase -->
</testsuite> <!-- TestRunner-2 -->
