<?xml version="1.0" encoding="UTF-8"?>
<!-- Generated by org.testng.reporters.JUnitXMLReporter -->
<testsuite ignored="4" hostname="AMIT-PC" failures="0" tests="2" name="TestRunner-3" time="69.722" errors="0" timestamp="2025-04-18T23:30:55 IST">
  <testcase classname="com.comcast.crm.TestNG_BaseClass.CreateLeads_Test" name="UsingPOMCreateLeadWithAllDropDownsAndValidateTest" time="32.229"/>
  <testcase classname="com.comcast.crm.TestNG_BaseClass.CreatePriceBook_Test" name="UsingPOMCreateAPricebook_DeleteAndValidateTest" time="32.952"/>
  <testcase classname="com.comcast.crm.generic.BaseUtility.BaseClass" name="@BeforeSuite connectToDatabase" time="0.0">
    <ignored/>
  </testcase> <!-- @BeforeSuite connectToDatabase -->
  <testcase classname="com.comcast.crm.generic.BaseUtility.BaseClass" name="@AfterSuite closeDatabaseConnection" time="0.0">
    <ignored/>
  </testcase> <!-- @AfterSuite closeDatabaseConnection -->
  <testcase classname="com.comcast.crm.generic.BaseUtility.BaseClass" name="@AfterTest configAT" time="0.0">
    <ignored/>
  </testcase> <!-- @AfterTest configAT -->
  <testcase classname="com.comcast.crm.generic.BaseUtility.BaseClass" name="@BeforeTest configBT" time="0.0">
    <ignored/>
  </testcase> <!-- @BeforeTest configBT -->
</testsuite> <!-- TestRunner-3 -->
