<?xml version="1.0" encoding="UTF-8"?>
<!-- Generated by org.testng.reporters.JUnitXMLReporter -->
<testsuite ignored="11" hostname="AMIT-PC" failures="0" tests="4" name="Test" time="54.114" errors="0" timestamp="2025-04-18T22:53:20 IST">
  <testcase classname="com.comcast.crm.TestNG_BaseClass.CreateContact_Test" name="UsingPOMCreateContactWithOrganizationAndValidateTest" time="14.972"/>
  <testcase classname="com.comcast.crm.TestNG_BaseClass.CreateProducts_Test" name="UsingPOMCreateProductWithDate_Cat_ManufactAndValidateTest" time="7.341"/>
  <testcase classname="com.comcast.crm.TestNG_BaseClass.CreateOrganization_Test" name="UsingPOMCreateOrganizationAndValidateTest" time="5.199"/>
  <testcase classname="com.comcast.crm.TestNG_BaseClass.CreateOrganization_Test" name="UsingPOMCreateOrganizationWIthIndustry_TypeEtcANdValidateTest" time="7.121"/>
  <testcase classname="com.comcast.crm.TestNG_BaseClass.CreateContact_Test" name="UsingPOMCreateContactAndValidateTest" time="0.0">
    <ignored/>
  </testcase> <!-- UsingPOMCreateContactAndValidateTest -->
  <testcase classname="com.comcast.crm.generic.BaseUtility.BaseClass" name="@BeforeTest configBT" time="0.0">
    <ignored/>
  </testcase> <!-- @BeforeTest configBT -->
  <testcase classname="com.comcast.crm.generic.BaseUtility.BaseClass" name="@AfterTest configAT" time="0.0">
    <ignored/>
  </testcase> <!-- @AfterTest configAT -->
  <testcase classname="com.comcast.crm.generic.BaseUtility.BaseClass" name="@BeforeSuite connectToDatabase" time="0.0">
    <ignored/>
  </testcase> <!-- @BeforeSuite connectToDatabase -->
  <testcase classname="com.comcast.crm.TestNG_BaseClass.CreateContact_Test" name="UsingPOMCreateContactWithSupportDateAndValidateTest" time="0.0">
    <ignored/>
  </testcase> <!-- UsingPOMCreateContactWithSupportDateAndValidateTest -->
  <testcase classname="com.comcast.crm.generic.BaseUtility.BaseClass" name="@BeforeSuite connectToDatabase" time="0.0">
    <ignored/>
  </testcase> <!-- @BeforeSuite connectToDatabase -->
  <testcase classname="com.comcast.crm.generic.BaseUtility.BaseClass" name="@AfterSuite closeDatabaseConnection" time="0.0">
    <ignored/>
  </testcase> <!-- @AfterSuite closeDatabaseConnection -->
  <testcase classname="com.comcast.crm.generic.BaseUtility.BaseClass" name="@BeforeTest configBT" time="0.0">
    <ignored/>
  </testcase> <!-- @BeforeTest configBT -->
  <testcase classname="com.comcast.crm.generic.BaseUtility.BaseClass" name="@AfterSuite closeDatabaseConnection" time="0.0">
    <ignored/>
  </testcase> <!-- @AfterSuite closeDatabaseConnection -->
  <testcase classname="com.comcast.crm.TestNG_BaseClass.CreateOrganization_Test" name="UsingPOMCreateOrganizationWithPhoneNumAndValidateTest" time="0.0">
    <ignored/>
  </testcase> <!-- UsingPOMCreateOrganizationWithPhoneNumAndValidateTest -->
  <testcase classname="com.comcast.crm.generic.BaseUtility.BaseClass" name="@AfterTest configAT" time="0.0">
    <ignored/>
  </testcase> <!-- @AfterTest configAT -->
</testsuite> <!-- Test -->
