<?xml version="1.0" encoding="UTF-8"?>
<!-- Generated by org.testng.reporters.JUnitXMLReporter -->
<testsuite ignored="8" hostname="AMIT-PC" failures="0" tests="3" name="TestRunner-1" time="0.575" errors="0" timestamp="2025-04-19T10:05:38 IST">
  <testcase classname="com.comcast.crm.generic.BaseUtility.BaseClass" name="@BeforeClass toLauchBrowser" time="0.015">
    <failure type="java.lang.NullPointerException" message="Cannot invoke &amp;quot;org.openqa.selenium.WebDriver.manage()&amp;quot; because &amp;quot;driver&amp;quot; is null">
      <![CDATA[java.lang.NullPointerException: Cannot invoke "org.openqa.selenium.WebDriver.manage()" because "driver" is null
at com.comcast.crm.generic.WebdriverUtility.DriverUtility.toMaximize(DriverUtility.java:34)
at com.comcast.crm.generic.BaseUtility.BaseClass.toLauchBrowser(BaseClass.java:68)
at java.base/java.util.ArrayList.forEach(ArrayList.java:1596)
at java.base/java.util.concurrent.FutureTask.run(FutureTask.java:317)
at java.base/java.util.concurrent.ThreadPoolExecutor.runWorker(ThreadPoolExecutor.java:1144)
at java.base/java.util.concurrent.ThreadPoolExecutor$Worker.run(ThreadPoolExecutor.java:642)
at java.base/java.lang.Thread.run(Thread.java:1583)
... Removed 13 stack frames]]>
    </failure>
  </testcase> <!-- @BeforeClass toLauchBrowser -->
  <testcase classname="com.comcast.crm.generic.BaseUtility.BaseClass" name="@BeforeMethod toLoginTheApplication" time="0.078">
    <failure type="java.lang.NullPointerException" message="Cannot invoke &amp;quot;org.openqa.selenium.WebDriver.get(String)&amp;quot; because &amp;quot;this.driver&amp;quot; is null">
      <![CDATA[java.lang.NullPointerException: Cannot invoke "org.openqa.selenium.WebDriver.get(String)" because "this.driver" is null
at com.comcast.crm.ObjectRepositoryUtility.LoginPage.loginAction(LoginPage.java:41)
at com.comcast.crm.generic.BaseUtility.BaseClass.toLoginTheApplication(BaseClass.java:82)
at java.base/java.util.ArrayList.forEach(ArrayList.java:1596)
at java.base/java.util.concurrent.FutureTask.run(FutureTask.java:317)
at java.base/java.util.concurrent.ThreadPoolExecutor.runWorker(ThreadPoolExecutor.java:1144)
at java.base/java.util.concurrent.ThreadPoolExecutor$Worker.run(ThreadPoolExecutor.java:642)
at java.base/java.lang.Thread.run(Thread.java:1583)
... Removed 19 stack frames]]>
    </failure>
  </testcase> <!-- @BeforeMethod toLoginTheApplication -->
  <testcase classname="com.comcast.crm.generic.BaseUtility.BaseClass" name="@AfterMethod toLogoutApplication" time="0.017">
    <failure type="java.lang.IllegalArgumentException" message="Driver must be set">
      <![CDATA[java.lang.IllegalArgumentException: Driver must be set
at org.openqa.selenium.internal.Require.nonNull(Require.java:60)
at org.openqa.selenium.interactions.Actions.<init>(Actions.java:59)
at com.comcast.crm.generic.WebdriverUtility.DriverUtility.toMouseHover(DriverUtility.java:310)
at com.comcast.crm.ObjectRepositoryUtility.HomePage.signOutAction(HomePage.java:110)
at com.comcast.crm.generic.BaseUtility.BaseClass.toLogoutApplication(BaseClass.java:94)
at java.base/java.util.ArrayList.forEach(ArrayList.java:1596)
at java.base/java.util.concurrent.FutureTask.run(FutureTask.java:317)
at java.base/java.util.concurrent.ThreadPoolExecutor.runWorker(ThreadPoolExecutor.java:1144)
at java.base/java.util.concurrent.ThreadPoolExecutor$Worker.run(ThreadPoolExecutor.java:642)
at java.base/java.lang.Thread.run(Thread.java:1583)
... Removed 20 stack frames]]>
    </failure>
  </testcase> <!-- @AfterMethod toLogoutApplication -->
  <testcase classname="com.comcast.crm.generic.BaseUtility.BaseClass" name="@BeforeClass toLauchBrowser" time="0.005">
    <failure type="java.lang.NullPointerException" message="Cannot invoke &amp;quot;org.openqa.selenium.WebDriver.manage()&amp;quot; because &amp;quot;driver&amp;quot; is null">
      <![CDATA[java.lang.NullPointerException: Cannot invoke "org.openqa.selenium.WebDriver.manage()" because "driver" is null
at com.comcast.crm.generic.WebdriverUtility.DriverUtility.toMaximize(DriverUtility.java:34)
at com.comcast.crm.generic.BaseUtility.BaseClass.toLauchBrowser(BaseClass.java:68)
at java.base/java.util.ArrayList.forEach(ArrayList.java:1596)
at java.base/java.util.concurrent.FutureTask.run(FutureTask.java:317)
at java.base/java.util.concurrent.ThreadPoolExecutor.runWorker(ThreadPoolExecutor.java:1144)
at java.base/java.util.concurrent.ThreadPoolExecutor$Worker.run(ThreadPoolExecutor.java:642)
at java.base/java.lang.Thread.run(Thread.java:1583)
... Removed 13 stack frames]]>
    </failure>
  </testcase> <!-- @BeforeClass toLauchBrowser -->
  <testcase classname="com.comcast.crm.generic.BaseUtility.BaseClass" name="@BeforeMethod toLoginTheApplication" time="0.008">
    <failure type="java.lang.NullPointerException" message="Cannot invoke &amp;quot;org.openqa.selenium.WebDriver.get(String)&amp;quot; because &amp;quot;this.driver&amp;quot; is null">
      <![CDATA[java.lang.NullPointerException: Cannot invoke "org.openqa.selenium.WebDriver.get(String)" because "this.driver" is null
at com.comcast.crm.ObjectRepositoryUtility.LoginPage.loginAction(LoginPage.java:41)
at com.comcast.crm.generic.BaseUtility.BaseClass.toLoginTheApplication(BaseClass.java:82)
at java.base/java.util.ArrayList.forEach(ArrayList.java:1596)
at java.base/java.util.concurrent.FutureTask.run(FutureTask.java:317)
at java.base/java.util.concurrent.ThreadPoolExecutor.runWorker(ThreadPoolExecutor.java:1144)
at java.base/java.util.concurrent.ThreadPoolExecutor$Worker.run(ThreadPoolExecutor.java:642)
at java.base/java.lang.Thread.run(Thread.java:1583)
... Removed 19 stack frames]]>
    </failure>
  </testcase> <!-- @BeforeMethod toLoginTheApplication -->
  <testcase classname="com.comcast.crm.generic.BaseUtility.BaseClass" name="@AfterMethod toLogoutApplication" time="0.011">
    <failure type="java.lang.IllegalArgumentException" message="Driver must be set">
      <![CDATA[java.lang.IllegalArgumentException: Driver must be set
at org.openqa.selenium.internal.Require.nonNull(Require.java:60)
at org.openqa.selenium.interactions.Actions.<init>(Actions.java:59)
at com.comcast.crm.generic.WebdriverUtility.DriverUtility.toMouseHover(DriverUtility.java:310)
at com.comcast.crm.ObjectRepositoryUtility.HomePage.signOutAction(HomePage.java:110)
at com.comcast.crm.generic.BaseUtility.BaseClass.toLogoutApplication(BaseClass.java:94)
at java.base/java.util.ArrayList.forEach(ArrayList.java:1596)
at java.base/java.util.concurrent.FutureTask.run(FutureTask.java:317)
at java.base/java.util.concurrent.ThreadPoolExecutor.runWorker(ThreadPoolExecutor.java:1144)
at java.base/java.util.concurrent.ThreadPoolExecutor$Worker.run(ThreadPoolExecutor.java:642)
at java.base/java.lang.Thread.run(Thread.java:1583)
... Removed 20 stack frames]]>
    </failure>
  </testcase> <!-- @AfterMethod toLogoutApplication -->
  <testcase classname="com.comcast.crm.generic.BaseUtility.BaseClass" name="@BeforeClass toLauchBrowser" time="0.017">
    <failure type="java.lang.NullPointerException" message="Cannot invoke &amp;quot;org.openqa.selenium.WebDriver.manage()&amp;quot; because &amp;quot;driver&amp;quot; is null">
      <![CDATA[java.lang.NullPointerException: Cannot invoke "org.openqa.selenium.WebDriver.manage()" because "driver" is null
at com.comcast.crm.generic.WebdriverUtility.DriverUtility.toMaximize(DriverUtility.java:34)
at com.comcast.crm.generic.BaseUtility.BaseClass.toLauchBrowser(BaseClass.java:68)
at java.base/java.util.ArrayList.forEach(ArrayList.java:1596)
at java.base/java.util.concurrent.FutureTask.run(FutureTask.java:317)
at java.base/java.util.concurrent.ThreadPoolExecutor.runWorker(ThreadPoolExecutor.java:1144)
at java.base/java.util.concurrent.ThreadPoolExecutor$Worker.run(ThreadPoolExecutor.java:642)
at java.base/java.lang.Thread.run(Thread.java:1583)
... Removed 13 stack frames]]>
    </failure>
  </testcase> <!-- @BeforeClass toLauchBrowser -->
  <testcase classname="com.comcast.crm.generic.BaseUtility.BaseClass" name="@BeforeMethod toLoginTheApplication" time="0.009">
    <failure type="java.lang.NullPointerException" message="Cannot invoke &amp;quot;org.openqa.selenium.WebDriver.get(String)&amp;quot; because &amp;quot;this.driver&amp;quot; is null">
      <![CDATA[java.lang.NullPointerException: Cannot invoke "org.openqa.selenium.WebDriver.get(String)" because "this.driver" is null
at com.comcast.crm.ObjectRepositoryUtility.LoginPage.loginAction(LoginPage.java:41)
at com.comcast.crm.generic.BaseUtility.BaseClass.toLoginTheApplication(BaseClass.java:82)
at java.base/java.util.ArrayList.forEach(ArrayList.java:1596)
at java.base/java.util.concurrent.FutureTask.run(FutureTask.java:317)
at java.base/java.util.concurrent.ThreadPoolExecutor.runWorker(ThreadPoolExecutor.java:1144)
at java.base/java.util.concurrent.ThreadPoolExecutor$Worker.run(ThreadPoolExecutor.java:642)
at java.base/java.lang.Thread.run(Thread.java:1583)
... Removed 19 stack frames]]>
    </failure>
  </testcase> <!-- @BeforeMethod toLoginTheApplication -->
  <testcase classname="com.comcast.crm.generic.BaseUtility.BaseClass" name="@AfterMethod toLogoutApplication" time="0.006">
    <failure type="java.lang.IllegalArgumentException" message="Driver must be set">
      <![CDATA[java.lang.IllegalArgumentException: Driver must be set
at org.openqa.selenium.internal.Require.nonNull(Require.java:60)
at org.openqa.selenium.interactions.Actions.<init>(Actions.java:59)
at com.comcast.crm.generic.WebdriverUtility.DriverUtility.toMouseHover(DriverUtility.java:310)
at com.comcast.crm.ObjectRepositoryUtility.HomePage.signOutAction(HomePage.java:110)
at com.comcast.crm.generic.BaseUtility.BaseClass.toLogoutApplication(BaseClass.java:94)
at java.base/java.util.ArrayList.forEach(ArrayList.java:1596)
at java.base/java.util.concurrent.FutureTask.run(FutureTask.java:317)
at java.base/java.util.concurrent.ThreadPoolExecutor.runWorker(ThreadPoolExecutor.java:1144)
at java.base/java.util.concurrent.ThreadPoolExecutor$Worker.run(ThreadPoolExecutor.java:642)
at java.base/java.lang.Thread.run(Thread.java:1583)
... Removed 20 stack frames]]>
    </failure>
  </testcase> <!-- @AfterMethod toLogoutApplication -->
  <testcase classname="com.comcast.crm.TestNG_BaseClass.CreateProducts_Test" name="UsingPOMCreateProductWithDate_Cat_ManufactAndValidateTest" time="0.0">
    <skipped/>
  </testcase> <!-- UsingPOMCreateProductWithDate_Cat_ManufactAndValidateTest -->
  <testcase classname="com.comcast.crm.TestNG_BaseClass.CreatePriceBook_Test" name="UsingPOMCreateAPricebook_DeleteAndValidateTest" time="0.0">
    <skipped/>
  </testcase> <!-- UsingPOMCreateAPricebook_DeleteAndValidateTest -->
  <testcase classname="com.comcast.crm.TestNG_BaseClass.CreateLeads_Test" name="UsingPOMCreateLeadWithAllDropDownsAndValidateTest" time="0.001">
    <skipped/>
  </testcase> <!-- UsingPOMCreateLeadWithAllDropDownsAndValidateTest -->
  <testcase classname="com.comcast.crm.generic.BaseUtility.BaseClass" name="@AfterSuite closeDatabaseConnection" time="0.0">
    <ignored/>
  </testcase> <!-- @AfterSuite closeDatabaseConnection -->
  <testcase classname="com.comcast.crm.generic.BaseUtility.BaseClass" name="@BeforeTest configBT" time="0.0">
    <ignored/>
  </testcase> <!-- @BeforeTest configBT -->
  <testcase classname="com.comcast.crm.generic.BaseUtility.BaseClass" name="@AfterTest configAT" time="0.0">
    <ignored/>
  </testcase> <!-- @AfterTest configAT -->
  <testcase classname="com.comcast.crm.generic.BaseUtility.BaseClass" name="@AfterSuite closeDatabaseConnection" time="0.0">
    <ignored/>
  </testcase> <!-- @AfterSuite closeDatabaseConnection -->
  <testcase classname="com.comcast.crm.generic.BaseUtility.BaseClass" name="@BeforeSuite connectToDatabase" time="0.0">
    <ignored/>
  </testcase> <!-- @BeforeSuite connectToDatabase -->
  <testcase classname="com.comcast.crm.generic.BaseUtility.BaseClass" name="@BeforeSuite connectToDatabase" time="0.0">
    <ignored/>
  </testcase> <!-- @BeforeSuite connectToDatabase -->
  <testcase classname="com.comcast.crm.generic.BaseUtility.BaseClass" name="@AfterTest configAT" time="0.0">
    <ignored/>
  </testcase> <!-- @AfterTest configAT -->
  <testcase classname="com.comcast.crm.generic.BaseUtility.BaseClass" name="@BeforeTest configBT" time="0.0">
    <ignored/>
  </testcase> <!-- @BeforeTest configBT -->
</testsuite> <!-- TestRunner-1 -->
